\BOOKMARK [0][]{prelim.0}{Title Page}{}
\BOOKMARK [0][]{prelim.1}{Committee Membership Page}{}
\BOOKMARK [0][]{prelim.2}{Abstract}{}
\BOOKMARK [0][]{prelim.4}{Table of Contents}{}
\BOOKMARK [0][]{prelim.5}{List of Tables}{}\begingroup \makeatletter \prepare@bookmarks 5 \@input {shiv_upadhyay_etd.lot} \endgroup 
\BOOKMARK [0][]{prelim.6}{List of Figures}{}\begingroup \makeatletter \prepare@bookmarks 6 \@input {shiv_upadhyay_etd.lof} \endgroup 
\BOOKMARK [0][]{section*.2}{\376\377\000P\000r\000e\000f\000a\000c\000e}{}% 1
\BOOKMARK [0][]{chapter.1}{\376\377\0001\000.\0000\000\040\000C\000h\000a\000p\000t\000e\000r\0001}{}% 2
\BOOKMARK [0][]{chapter.2}{\376\377\0002\000.\0000\000\040\000I\000n\000t\000r\000o\000d\000u\000c\000t\000i\000o\000n}{}% 3
\BOOKMARK [1][]{section.2.1}{\376\377\0002\000.\0001\000\040\000F\000i\000r\000s\000t\000\040\000S\000e\000c\000t\000i\000o\000n}{chapter.2}% 4
\BOOKMARK [2][]{subsection.2.1.1}{\376\377\0002\000.\0001\000.\0001\000\040\000F\000i\000r\000s\000t\000\040\000S\000u\000b\000s\000e\000c\000t\000i\000o\000n}{section.2.1}% 5
\BOOKMARK [1][]{section.2.2}{\376\377\0002\000.\0002\000\040\000T\000e\000s\000t\000i\000n\000g\000\040\000t\000h\000e\000\040\000t\000e\000m\000p\000l\000a\000t\000e}{chapter.2}% 6
\BOOKMARK [0][]{chapter.3}{\376\377\0003\000.\0000\000\040\000S\000e\000c\000o\000n\000d\000\040\000c\000h\000a\000p\000t\000e\000r}{}% 7
\BOOKMARK [1][]{section.3.1}{\376\377\0003\000.\0001\000\040\000F\000i\000r\000s\000t\000\040\000S\000e\000c\000t\000i\000o\000n}{chapter.3}% 8
\BOOKMARK [2][]{subsection.3.1.1}{\376\377\0003\000.\0001\000.\0001\000\040\000F\000i\000r\000s\000t\000\040\000s\000u\000b\000s\000e\000c\000t\000i\000o\000n\000\040\000o\000f\000\040\000t\000h\000e\000\040\000s\000e\000c\000t\000i\000o\000n}{section.3.1}% 9
\BOOKMARK [3][]{subsubsection.3.1.1.1}{\376\377\0003\000.\0001\000.\0001\000.\0001\000\040\000F\000i\000r\000s\000t\000\040\000s\000u\000b\000s\000u\000b\000s\000e\000c\000t\000i\000o\000n\000\040\000o\000f\000\040\000t\000h\000e\000\040\000s\000u\000b\000s\000e\000c\000t\000i\000o\000n}{subsection.3.1.1}% 10
\BOOKMARK [2][]{subsection.3.1.2}{\376\377\0003\000.\0001\000.\0002\000\040\000S\000e\000c\000o\000n\000d\000\040\000s\000u\000b\000s\000e\000c\000t\000i\000o\000n\000\040\000o\000f\000\040\000t\000h\000e\000\040\000s\000e\000c\000t\000i\000o\000n}{section.3.1}% 11
\BOOKMARK [3][]{subsubsection.3.1.2.1}{\376\377\0003\000.\0001\000.\0002\000.\0001\000\040\000S\000e\000c\000o\000n\000d\000\040\000s\000u\000b\000s\000u\000b\000s\000e\000c\000t\000i\000o\000n\000\040\000o\000f\000\040\000t\000h\000e\000\040\000s\000u\000b\000s\000e\000c\000t\000i\000o\000n}{subsection.3.1.2}% 12
\BOOKMARK [0][]{chapter.4}{\376\377\0004\000.\0000\000\040\000C\000o\000n\000c\000l\000u\000s\000i\000o\000n\000s}{}% 13
\BOOKMARK [0][]{appendix.A}{\376\377\000A\000p\000p\000e\000n\000d\000i\000x\000\040\000A\000.\000\040\000E\000x\000a\000m\000p\000l\000e\000s\000\040\000a\000n\000d\000\040\000R\000e\000s\000u\000l\000t\000s}{}% 14
\BOOKMARK [0][]{appendix.B}{\376\377\000A\000p\000p\000e\000n\000d\000i\000x\000\040\000B\000.\000\040\000S\000e\000c\000o\000n\000d\000\040\000A\000p\000p\000e\000n\000d\000i\000x}{}% 15
\BOOKMARK [0][]{section*.3}{\376\377\000B\000i\000b\000l\000i\000o\000g\000r\000a\000p\000h\000y}{}% 16
